2023-08-24T13:25:24.101Z - info: Saving configuration info to disk
(node:1003) [DEP0005] DeprecationWarning: Buffer() is deprecated due to security and usability issues. Please use the Buffer.alloc(), Buffer.allocUnsafe(), or Buffer.from() methods instead.
(Use `node --trace-deprecation ...` to show where the warning was created)
2023-08-24T13:25:25.418Z - info: Saving configuration info to disk
2023-08-24T13:25:25.616Z - warn: No peerAddress provided. Skipping hosts file section
2023-08-24T13:25:26.227Z - info: Initializing module bndiagnostic
2023-08-24T13:25:26.233Z - info: Initializing module gonit
2023-08-24T13:25:26.233Z - info: Initializing module wait-for-port
2023-08-24T13:25:26.234Z - info: Initializing module render-template
2023-08-24T13:25:26.234Z - info: Initializing module redis
[38;5;6mredis [38;5;5m13:25:26.55 [0m[38;5;3mWARN [0m ==> You set the environment variable ALLOW_EMPTY_PASSWORD=yes. For safety reasons, do not use this flag in a production environment.
[38;5;6mredis [38;5;5m13:25:26.59 [0m[38;5;2mINFO [0m ==> Initializing Redis
[38;5;6mredis [38;5;5m13:25:26.60 [0m[38;5;2mINFO [0m ==> Setting Redis config file
2023-08-24T13:25:26.639Z - info: Initializing module ini-file
2023-08-24T13:25:26.653Z - info: Initializing module bncert
2023-08-24T13:25:26.653Z - info: Initializing module apache
[38;5;6mapache [38;5;5m13:25:26.95 [0m[38;5;2mINFO [0m ==> Generating sample certificates
Generating RSA private key, 4096 bit long modulus (2 primes)
.........................................++++
...........................................................................................................++++
e is 65537 (0x010001)
Signature ok
subject=CN = example.com
Getting Private key
[38;5;6mapache [38;5;5m13:25:28.14 [0m[38;5;2mINFO [0m ==> Configuring Apache ServerTokens directive
2023-08-24T13:25:28.146Z - info: Initializing module python-wsgi
2023-08-24T13:25:28.147Z - info: Initializing module node
2023-08-24T13:25:28.147Z - info: Initializing module mariadb
[38;5;6mmariadb [38;5;5m13:25:28.47 [0m[38;5;2mINFO [0m ==> Validating settings in MYSQL_*/MARIADB_* env vars
[38;5;6mmariadb [38;5;5m13:25:28.48 [0m[38;5;2mINFO [0m ==> Initializing mariadb database
[38;5;6mmariadb [38;5;5m13:25:28.49 [0m[38;5;2mINFO [0m ==> Updating 'my.cnf' with custom configuration
[38;5;6mmariadb [38;5;5m13:25:28.50 [0m[38;5;2mINFO [0m ==> Setting character_set_server option
[38;5;6mmariadb [38;5;5m13:25:28.52 [0m[38;5;2mINFO [0m ==> Setting collation_server option
[38;5;6mmariadb [38;5;5m13:25:28.53 [0m[38;5;2mINFO [0m ==> Setting bind_address option
[38;5;6mmariadb [38;5;5m13:25:28.54 [0m[38;5;2mINFO [0m ==> Setting slow_query_log option
[38;5;6mmariadb [38;5;5m13:25:28.54 [0m[38;5;2mINFO [0m ==> Setting long_query_time option
[38;5;6mmariadb [38;5;5m13:25:28.55 [0m[38;5;2mINFO [0m ==> Installing database
[38;5;6mmariadb [38;5;5m13:25:33.07 [0m[38;5;2mINFO [0m ==> Starting mariadb in background
[38;5;6mmariadb [38;5;5m13:25:35.18 [0m[38;5;2mINFO [0m ==> Configuring authentication
[38;5;6mmariadb [38;5;5m13:25:35.23 [0m[38;5;2mINFO [0m ==> Running mysql_upgrade
find: ‘/docker-entrypoint-initdb.d/’: No such file or directory
find: ‘/docker-entrypoint-startdb.d/’: No such file or directory
[38;5;6mmariadb [38;5;5m13:25:35.72 [0m[38;5;2mINFO [0m ==> Stopping mariadb
[38;5;6mmariadb [38;5;5m13:25:41.91 [0m[38;5;2mINFO [0m ==> mariadb started
2023-08-24T13:25:41.918Z - info: Initializing module erpnext
ok
[38;5;6merpnext [38;5;5m13:25:42.22 [0m[38;5;2mINFO [0m ==> Starting Redis services
[38;5;6merpnext [38;5;5m13:25:47.26 [0m[38;5;2mINFO [0m ==> erpnext-redis-cache started
[38;5;6merpnext [38;5;5m13:25:52.29 [0m[38;5;2mINFO [0m ==> erpnext-redis-socketio started
[38;5;6merpnext [38;5;5m13:25:57.32 [0m[38;5;2mINFO [0m ==> erpnext-redis-queue started
[38;5;6merpnext [38;5;5m13:25:57.32 [0m[38;5;2mINFO [0m ==> Trying to connect to the database server
[38;5;6merpnext [38;5;5m13:25:57.33 [0m[38;5;2mINFO [0m ==> Trying to connect to the Redis services
[38;5;6merpnext [38;5;5m13:25:57.57 [0m[38;5;2mINFO [0m ==> Configuring common site settings based on environment variables
[38;5;6merpnext [38;5;5m13:26:01.82 [0m[38;5;2mINFO [0m ==> Installing ERPNext
[38;5;6merpnext [38;5;5m13:28:29.98 [0m[38;5;2mINFO [0m ==> Passing ERPNext setup wizard
[38;5;6merpnext [38;5;5m13:28:29.99 [0m[38;5;2mINFO [0m ==> Starting apache in background
[38;5;6merpnext [38;5;5m13:28:35.17 [0m[38;5;2mINFO [0m ==> apache started
[38;5;6merpnext [38;5;5m13:29:10.58 [0m[38;5;2mINFO [0m ==> Stopping apache
[38;5;6merpnext [38;5;5m13:29:11.64 [0m[38;5;2mINFO [0m ==> apache stopped
[38;5;6merpnext [38;5;5m13:29:11.64 [0m[38;5;2mINFO [0m ==> Granting ERPNext files ownership to the 'bitnami' user
2023-08-24T13:29:14.280Z - info: Saving configuration info to disk
2023-08-24T13:29:14.281Z - info: Saving configuration info to disk
2023-08-24T13:29:14.355Z - info: Data disk not present
